#
# A fatal error has been detected by the Java Runtime Environment:
#
#  SIGSEGV (0xb) at pc=0x00007fff8381c0dd, pid=52361, tid=1811
#
# JRE version: Java(TM) SE Runtime Environment (8.0_25-b17) (build 1.8.0_25-b17)
# Java VM: Java HotSpot(TM) 64-Bit Server VM (25.25-b02 mixed mode bsd-amd64 compressed oops)
# Problematic frame:
# C  [libobjc.A.dylib+0x10dd]  objc_msgSend+0x1d
#
# Failed to write core dump. Core dumps have been disabled. To enable core dumping, try "ulimit -c unlimited" before starting Java again
#
# If you would like to submit a bug report, please visit:
#   http://bugreport.sun.com/bugreport/crash.jsp
# The crash happened outside the Java Virtual Machine in native code.
# See problematic frame for where to report the bug.
#

---------------  T H R E A D  ---------------

Current thread (0x00007fd9ea0ae000):  JavaThread "AppKit Thread" daemon [_thread_in_native, id=1811, stack(0x00007fff5d3d2000,0x00007fff5dbd2000)]

siginfo: si_signo: 11 (SIGSEGV), si_code: 1 (SEGV_MAPERR), si_addr: 0x000007fd9e84c038

Registers:
RAX=0x0000000000000000, RBX=0x00007fd9e849b130, RCX=0x0000000000000000, RDX=0x00007fd9e849b130
RSP=0x00007fff5dbcbbb8, RBP=0x00007fff5dbcbbe0, RSI=0x00007fff882c0bb2, RDI=0x00007fd9e84c0690
R8 =0x0000000000000001, R9 =0x0000000000000001, R10=0x00007fff882c0bb2, R11=0x000007fd9e84c020
R12=0x0000000000000094, R13=0x00007fd9e86584b0, R14=0x00007fd9e84c0690, R15=0x00007fff5dbcc0d0
RIP=0x00007fff8381c0dd, EFLAGS=0x0000000000010202, ERR=0x0000000000000004
  TRAPNO=0x000000000000000e

Top of Stack: (sp=0x00007fff5dbcbbb8)
0x00007fff5dbcbbb8:   000000011fda0598 00007fd9e849b130
0x00007fff5dbcbbc8:   000000011fdd4c60 00007fd9e86584b0
0x00007fff5dbcbbd8:   00007fd9e849b130 00007fff5dbcc0c0
0x00007fff5dbcbbe8:   00007fff87a458c5 0000000000000000
0x00007fff5dbcbbf8:   0000000000000000 408f400000000000
0x00007fff5dbcbc08:   4082c00000000000 0000000000000000
0x00007fff5dbcbc18:   0000000000000000 408f400000000000
0x00007fff5dbcbc28:   4082c00000000000 408f400000000000
0x00007fff5dbcbc38:   4083700000000000 401c000000000000
0x00007fff5dbcbc48:   4082d80000000000 402c000000000000
0x00007fff5dbcbc58:   4030000000000000 401c000000000000
0x00007fff5dbcbc68:   0000000000000000 0000000000000000
0x00007fff5dbcbc78:   4030000000000000 00007fff8828533e
0x00007fff5dbcbc88:   4018000000000000 00007fd9e849cd10
0x00007fff5dbcbc98:   0000000100000000 0000000000000000
0x00007fff5dbcbca8:   00007fd9e84616a0 00007fff5dbcbe00
0x00007fff5dbcbcb8:   00007fff87b0bd16 00007fff5dbcbe00
0x00007fff5dbcbcc8:   00007fff87b0c802 402c000000000000
0x00007fff5dbcbcd8:   4030000000000000 401c000000000000
0x00007fff5dbcbce8:   4082d80000000000 402c000000000000
0x00007fff5dbcbcf8:   4030000000000000 0000000000000000
0x00007fff5dbcbd08:   0000000000000000 408f400000000000
0x00007fff5dbcbd18:   4083700000000000 401c000000000000
0x00007fff5dbcbd28:   4082d80000000000 000000010204ba00
0x00007fff5dbcbd38:   00007fd9e86d0790 00000000000000b0
0x00007fff5dbcbd48:   0000000000000000 0000000000000d06
0x00007fff5dbcbd58:   0000000102048000 00007fff5dbcbe00
0x00007fff5dbcbd68:   00007fff9043d4ff 0000000000000d08
0x00007fff5dbcbd78:   0000000102048000 00007fff5dbcbe20
0x00007fff5dbcbd88:   0000000000000d07 00007fff5dbcbe8f
0x00007fff5dbcbd98:   0000000002000000 00007fd9e86fc080
0x00007fff5dbcbda8:   00007fd9e86d06e0 0000000000000028 

Instructions: (pc=0x00007fff8381c0dd)
0x00007fff8381c0bd:   00 00 00 48 85 ff 2e 74 7a 40 f6 c7 01 2e 75 7e
0x00007fff8381c0cd:   49 bb f8 ff ff ff ff 7f 00 00 4c 23 1f 49 89 f2
0x00007fff8381c0dd:   45 23 53 18 49 c1 e2 04 4d 03 53 10 49 3b 32 75
0x00007fff8381c0ed:   04 41 ff 62 08 49 83 3a 00 74 6a 4d 3b 53 10 74 

Register to memory mapping:

RAX=0x0000000000000000 is an unknown value
RBX=0x00007fd9e849b130 is an unknown value
RCX=0x0000000000000000 is an unknown value
RDX=0x00007fd9e849b130 is an unknown value
RSP=0x00007fff5dbcbbb8 is pointing into the stack for thread: 0x00007fd9ea0ae000
RBP=0x00007fff5dbcbbe0 is pointing into the stack for thread: 0x00007fd9ea0ae000
RSI=0x00007fff882c0bb2: -[NSTitlebarContainerView shouldRoundCorners]+0x5c5a4 in /System/Library/Frameworks/AppKit.framework/Versions/C/AppKit at 0x00007fff878f7000
RDI=0x00007fd9e84c0690 is an unknown value
R8 =0x0000000000000001 is an unknown value
R9 =0x0000000000000001 is an unknown value
R10=0x00007fff882c0bb2: -[NSTitlebarContainerView shouldRoundCorners]+0x5c5a4 in /System/Library/Frameworks/AppKit.framework/Versions/C/AppKit at 0x00007fff878f7000
R11=0x000007fd9e84c020 is an unknown value
R12=0x0000000000000094 is an unknown value
R13=0x00007fd9e86584b0 is an unknown value
R14=0x00007fd9e84c0690 is an unknown value
R15=0x00007fff5dbcc0d0 is pointing into the stack for thread: 0x00007fd9ea0ae000


Stack: [0x00007fff5d3d2000,0x00007fff5dbd2000],  sp=0x00007fff5dbcbbb8,  free space=8166k
Native frames: (J=compiled Java code, j=interpreted, Vv=VM code, C=native code)
C  [libobjc.A.dylib+0x10dd]  objc_msgSend+0x1d
C  [AppKit+0x14e8c5]  -[NSView _recursiveDisplayRectIfNeededIgnoringOpacity:isVisibleRect:rectIsVisibleRectForView:topView:]+0x740
C  [AppKit+0x14f920]  -[NSView _recursiveDisplayRectIfNeededIgnoringOpacity:isVisibleRect:rectIsVisibleRectForView:topView:]+0x179b
C  [AppKit+0x14dc73]  -[NSThemeFrame _recursiveDisplayRectIfNeededIgnoringOpacity:isVisibleRect:rectIsVisibleRectForView:topView:]+0x14d
C  [AppKit+0x14a7cb]  -[NSView _displayRectIgnoringOpacity:isVisibleRect:rectIsVisibleRectForView:]+0xac9
C  [AppKit+0x1291ca]  -[NSView displayIfNeeded]+0x754
C  [AppKit+0x1466c5]  -[NSWindow displayIfNeeded]+0xe8
C  [AppKit+0x1838c2]  _handleWindowNeedsDisplayOrLayoutOrUpdateConstraints+0x3a8
C  [Foundation+0x67023]  __NSFireTimer+0x5f
C  [CoreFoundation+0xb5b44]  __CFRUNLOOP_IS_CALLING_OUT_TO_A_TIMER_CALLBACK_FUNCTION__+0x14
C  [CoreFoundation+0xb57d3]  __CFRunLoopDoTimer+0x423
C  [CoreFoundation+0x128d9d]  __CFRunLoopDoTimers+0x12d
C  [CoreFoundation+0x72268]  __CFRunLoopRun+0x7e8
C  [CoreFoundation+0x71838]  CFRunLoopRunSpecific+0x128
C  [HIToolbox+0x2e43f]  RunCurrentEventLoopInMode+0xeb
C  [HIToolbox+0x2e1ba]  ReceiveNextEventCommon+0x1af
C  [HIToolbox+0x2dffb]  _BlockUntilNextEventMatchingListInModeWithFilter+0x47
C  [AppKit+0x24821]  _DPSNextEvent+0x3c4
C  [AppKit+0x23fd0]  -[NSApplication nextEventMatchingMask:untilDate:inMode:dequeue:]+0xc2
C  [libosxapp.dylib+0x242a]  -[NSApplicationAWT nextEventMatchingMask:untilDate:inMode:dequeue:]+0x7c
C  [AppKit+0x17f73]  -[NSApplication run]+0x252
C  [libosxapp.dylib+0x223e]  +[NSApplicationAWT runAWTLoopWithApp:]+0x9c
C  [libawt_lwawt.dylib+0x4494f]  -[AWTStarter starter:]+0x389
C  [Foundation+0x65f4c]  __NSThreadPerformPerform+0x125
C  [CoreFoundation+0x80661]  __CFRUNLOOP_IS_CALLING_OUT_TO_A_SOURCE0_PERFORM_FUNCTION__+0x11
C  [CoreFoundation+0x727ed]  __CFRunLoopDoSources0+0x10d
C  [CoreFoundation+0x71e1f]  __CFRunLoopRun+0x39f
C  [CoreFoundation+0x71838]  CFRunLoopRunSpecific+0x128
C  [java+0x56cc]  CreateExecutionEnvironment+0x367
C  [java+0x165c]  JLI_Launch+0x7a0
C  [java+0x768a]  main+0x65
C  [java+0xeb4]  start+0x34
C  0x0000000000000006


---------------  P R O C E S S  ---------------

Java Threads: ( => current thread )
  0x00007fd9e9124000 JavaThread "AWT-Shutdown" [_thread_blocked, id=27675, stack(0x00000001218a0000,0x00000001219a0000)]
=>0x00007fd9ea0ae000 JavaThread "AppKit Thread" daemon [_thread_in_native, id=1811, stack(0x00007fff5d3d2000,0x00007fff5dbd2000)]
  0x00007fd9e9805800 JavaThread "Service Thread" daemon [_thread_blocked, id=18179, stack(0x000000011b680000,0x000000011b780000)]
  0x00007fd9e904b800 JavaThread "C1 CompilerThread2" daemon [_thread_blocked, id=17667, stack(0x000000011b57d000,0x000000011b67d000)]
  0x00007fd9e904b000 JavaThread "C2 CompilerThread1" daemon [_thread_blocked, id=17155, stack(0x000000011b47a000,0x000000011b57a000)]
  0x00007fd9ea033800 JavaThread "C2 CompilerThread0" daemon [_thread_blocked, id=16643, stack(0x000000011b377000,0x000000011b477000)]
  0x00007fd9ea01a000 JavaThread "Signal Dispatcher" daemon [_thread_blocked, id=13583, stack(0x000000011b274000,0x000000011b374000)]
  0x00007fd9e9814000 JavaThread "Finalizer" daemon [_thread_blocked, id=11523, stack(0x000000011992a000,0x0000000119a2a000)]
  0x00007fd9ea018800 JavaThread "Reference Handler" daemon [_thread_blocked, id=11011, stack(0x0000000119827000,0x0000000119927000)]
  0x00007fd9e9006000 JavaThread "main" [_thread_in_native, id=4867, stack(0x0000000103060000,0x0000000103160000)]

Other Threads:
  0x00007fd9e980e000 VMThread [stack: 0x0000000119724000,0x0000000119824000] [id=10499]
  0x00007fd9e881d000 WatcherThread [stack: 0x000000011b783000,0x000000011b883000] [id=18691]

VM state:not at safepoint (normal execution)

VM Mutex/Monitor currently owned by a thread: None

Heap:
 PSYoungGen      total 38400K, used 14208K [0x0000000795580000, 0x0000000798000000, 0x00000007c0000000)
  eden space 33280K, 42% used [0x0000000795580000,0x0000000796360360,0x0000000797600000)
  from space 5120K, 0% used [0x0000000797b00000,0x0000000797b00000,0x0000000798000000)
  to   space 5120K, 0% used [0x0000000797600000,0x0000000797600000,0x0000000797b00000)
 ParOldGen       total 87552K, used 0K [0x0000000740000000, 0x0000000745580000, 0x0000000795580000)
  object space 87552K, 0% used [0x0000000740000000,0x0000000740000000,0x0000000745580000)
 Metaspace       used 7015K, capacity 7133K, committed 7168K, reserved 1056768K
  class space    used 706K, capacity 759K, committed 768K, reserved 1048576K

Card table byte_map: [0x0000000112dc0000,0x00000001131c1000] byte_map_base: 0x000000010f3c0000

Marking Bits: (ParMarkBitMap*) 0x00000001029c9390
 Begin Bits: [0x0000000113878000, 0x0000000115878000)
 End Bits:   [0x0000000115878000, 0x0000000117878000)

Polling page: 0x00000001031a4000

CodeCache: size=245760Kb used=3008Kb max_used=3008Kb free=242751Kb
 bounds [0x0000000103a00000, 0x0000000103d00000, 0x0000000112a00000]
 total_blobs=1135 nmethods=747 adapters=303
 compilation: enabled

Compilation events (10 events):
Event: 8.983 Thread 0x00007fd9e904b800  741       3       MineralOre::update (1 bytes)
Event: 8.983 Thread 0x00007fd9e904b800 nmethod 741 0x0000000103ced090 code [0x0000000103ced1e0, 0x0000000103ced330]
Event: 8.984 Thread 0x00007fd9e904b800  743       3       CommandCenter::render (17 bytes)
Event: 8.985 Thread 0x00007fd9e904b800 nmethod 743 0x0000000103ced710 code [0x0000000103ced8e0, 0x0000000103cedeb8]
Event: 8.985 Thread 0x00007fd9e904b800  744       3       Worker::render (52 bytes)
Event: 8.986 Thread 0x00007fd9e904b800 nmethod 744 0x0000000103cee410 code [0x0000000103cee660, 0x0000000103cef058]
Event: 8.986 Thread 0x00007fd9e904b800  745       3       MineralOre::render (17 bytes)
Event: 8.986 Thread 0x00007fd9e904b800 nmethod 745 0x0000000103cefc90 code [0x0000000103cefe60, 0x0000000103cf0438]
Event: 8.987 Thread 0x00007fd9e904b800  747       3       java.nio.Bits::putIntB (43 bytes)
Event: 8.987 Thread 0x00007fd9e904b800 nmethod 747 0x0000000103cf0990 code [0x0000000103cf0b40, 0x0000000103cf1118]

GC Heap History (0 events):
No events

Deoptimization events (0 events):
No events

Internal exceptions (10 events):
Event: 1.280 Thread 0x00007fd9e9006000 Exception <a 'java/security/PrivilegedActionException'> (0x00000007961c5dd8) thrown at [/HUDSON3/workspace/8-2-build-macosx-x86_64/jdk8u25/1514/hotspot/src/share/vm/prims/jvm.cpp, line 1312]
Event: 1.285 Thread 0x00007fd9e9006000 Exception <a 'java/security/PrivilegedActionException'> (0x00000007961ca7c0) thrown at [/HUDSON3/workspace/8-2-build-macosx-x86_64/jdk8u25/1514/hotspot/src/share/vm/prims/jvm.cpp, line 1312]
Event: 1.286 Thread 0x00007fd9e9006000 Exception <a 'java/security/PrivilegedActionException'> (0x00000007961cf160) thrown at [/HUDSON3/workspace/8-2-build-macosx-x86_64/jdk8u25/1514/hotspot/src/share/vm/prims/jvm.cpp, line 1312]
Event: 2.097 Thread 0x00007fd9e9006000 Exception <a 'java/security/PrivilegedActionException'> (0x00000007961d5ef0) thrown at [/HUDSON3/workspace/8-2-build-macosx-x86_64/jdk8u25/1514/hotspot/src/share/vm/prims/jvm.cpp, line 1312]
Event: 5.266 Thread 0x00007fd9e9006000 Exception <a 'java/security/PrivilegedActionException'> (0x00000007961e7088) thrown at [/HUDSON3/workspace/8-2-build-macosx-x86_64/jdk8u25/1514/hotspot/src/share/vm/prims/jvm.cpp, line 1312]
Event: 5.275 Thread 0x00007fd9e9006000 Exception <a 'java/security/PrivilegedActionException'> (0x00000007961f1410) thrown at [/HUDSON3/workspace/8-2-build-macosx-x86_64/jdk8u25/1514/hotspot/src/share/vm/prims/jvm.cpp, line 1312]
Event: 5.276 Thread 0x00007fd9e9006000 Exception <a 'java/security/PrivilegedActionException'> (0x00000007961f4f90) thrown at [/HUDSON3/workspace/8-2-build-macosx-x86_64/jdk8u25/1514/hotspot/src/share/vm/prims/jvm.cpp, line 1312]
Event: 5.276 Thread 0x00007fd9e9006000 Exception <a 'java/security/PrivilegedActionException'> (0x00000007961f8c68) thrown at [/HUDSON3/workspace/8-2-build-macosx-x86_64/jdk8u25/1514/hotspot/src/share/vm/prims/jvm.cpp, line 1312]
Event: 5.277 Thread 0x00007fd9e9006000 Exception <a 'java/security/PrivilegedActionException'> (0x00000007961fc460) thrown at [/HUDSON3/workspace/8-2-build-macosx-x86_64/jdk8u25/1514/hotspot/src/share/vm/prims/jvm.cpp, line 1312]
Event: 9.202 Thread 0x00007fd9e9006000 Exception <a 'java/security/PrivilegedActionException'> (0x000000079620ff90) thrown at [/HUDSON3/workspace/8-2-build-macosx-x86_64/jdk8u25/1514/hotspot/src/share/vm/prims/jvm.cpp, line 1312]

Events (10 events):
Event: 6.701 loading class java/util/IdentityHashMap$Values
Event: 6.701 loading class java/util/IdentityHashMap$Values done
Event: 6.702 loading class java/util/IdentityHashMap$ValueIterator
Event: 6.702 loading class java/util/IdentityHashMap$IdentityHashMapIterator
Event: 6.702 loading class java/util/IdentityHashMap$IdentityHashMapIterator done
Event: 6.702 loading class java/util/IdentityHashMap$ValueIterator done
Event: 6.702 Thread 0x00007fd9e9124000 Thread exited: 0x00007fd9e9124000
Event: 7.457 Thread 0x00007fd9e9124000 Thread added: 0x00007fd9e9124000
Event: 9.202 loading class org/lwjgl/opengl/CallbackUtil
Event: 9.202 loading class org/lwjgl/opengl/CallbackUtil done


Dynamic libraries:
0x00000000025c7000 	/System/Library/Frameworks/Cocoa.framework/Versions/A/Cocoa
0x00000000025c7000 	/System/Library/Frameworks/Security.framework/Versions/A/Security
0x00000000025c7000 	/System/Library/Frameworks/ApplicationServices.framework/Versions/A/ApplicationServices
0x00000000025c7000 	/usr/lib/libz.1.dylib
0x00000000025c7000 	/usr/lib/libSystem.B.dylib
0x00000000025c7000 	/usr/lib/libobjc.A.dylib
0x00000000025c7000 	/System/Library/Frameworks/CoreFoundation.framework/Versions/A/CoreFoundation
0x00000000025c7000 	/System/Library/Frameworks/Foundation.framework/Versions/C/Foundation
0x00000000025c7000 	/System/Library/Frameworks/AppKit.framework/Versions/C/AppKit
0x00000000025c7000 	/System/Library/Frameworks/CoreData.framework/Versions/A/CoreData
0x00000000025c7000 	/System/Library/PrivateFrameworks/RemoteViewServices.framework/Versions/A/RemoteViewServices
0x00000000025c7000 	/System/Library/PrivateFrameworks/UIFoundation.framework/Versions/A/UIFoundation
0x00000000025c7000 	/System/Library/Frameworks/IOSurface.framework/Versions/A/IOSurface
0x00000000025c7000 	/System/Library/Frameworks/AudioToolbox.framework/Versions/A/AudioToolbox
0x00000000025c7000 	/System/Library/Frameworks/AudioUnit.framework/Versions/A/AudioUnit
0x00000000025c7000 	/System/Library/PrivateFrameworks/DataDetectorsCore.framework/Versions/A/DataDetectorsCore
0x00000000025c7000 	/System/Library/PrivateFrameworks/DesktopServicesPriv.framework/Versions/A/DesktopServicesPriv
0x00000000025c7000 	/System/Library/Frameworks/Carbon.framework/Versions/A/Frameworks/HIToolbox.framework/Versions/A/HIToolbox
0x00000000025c7000 	/System/Library/Frameworks/QuartzCore.framework/Versions/A/QuartzCore
0x00000000025c7000 	/System/Library/Frameworks/Carbon.framework/Versions/A/Frameworks/SpeechRecognition.framework/Versions/A/SpeechRecognition
0x00000000025c7000 	/usr/lib/libauto.dylib
0x00000000025c7000 	/usr/lib/libicucore.A.dylib
0x00000000025c7000 	/usr/lib/libxml2.2.dylib
0x00000000025c7000 	/System/Library/PrivateFrameworks/CoreUI.framework/Versions/A/CoreUI
0x00000000025c7000 	/System/Library/Frameworks/CoreAudio.framework/Versions/A/CoreAudio
0x00000000025c7000 	/System/Library/Frameworks/DiskArbitration.framework/Versions/A/DiskArbitration
0x00000000025c7000 	/usr/lib/liblangid.dylib
0x00000000025c7000 	/System/Library/PrivateFrameworks/MultitouchSupport.framework/Versions/A/MultitouchSupport
0x00000000025c7000 	/System/Library/Frameworks/IOKit.framework/Versions/A/IOKit
0x00000000025c7000 	/usr/lib/libDiagnosticMessagesClient.dylib
0x00000000025c7000 	/System/Library/Frameworks/CoreServices.framework/Versions/A/CoreServices
0x00000000025c7000 	/System/Library/PrivateFrameworks/PerformanceAnalysis.framework/Versions/A/PerformanceAnalysis
0x00000000025c7000 	/System/Library/PrivateFrameworks/GenerationalStorage.framework/Versions/A/GenerationalStorage
0x00000000025c7000 	/System/Library/Frameworks/OpenGL.framework/Versions/A/OpenGL
0x00000000025c7000 	/System/Library/PrivateFrameworks/Sharing.framework/Versions/A/Sharing
0x00000000025c7000 	/System/Library/Frameworks/CoreGraphics.framework/Versions/A/CoreGraphics
0x00000000025c7000 	/System/Library/Frameworks/CoreText.framework/Versions/A/CoreText
0x00000000025c7000 	/System/Library/Frameworks/ImageIO.framework/Versions/A/ImageIO
0x00000000025c7000 	/usr/lib/libextension.dylib
0x00000000025c7000 	/System/Library/PrivateFrameworks/Backup.framework/Versions/A/Backup
0x00000000025c7000 	/usr/lib/libarchive.2.dylib
0x00000000025c7000 	/System/Library/Frameworks/CFNetwork.framework/Versions/A/CFNetwork
0x00000000025c7000 	/System/Library/Frameworks/SystemConfiguration.framework/Versions/A/SystemConfiguration
0x00000000025c7000 	/usr/lib/libCRFSuite.dylib
0x00000000025c7000 	/usr/lib/libc++.1.dylib
0x00000000025c7000 	/usr/lib/libc++abi.dylib
0x00000000025c7000 	/usr/lib/system/libcache.dylib
0x00000000025c7000 	/usr/lib/system/libcommonCrypto.dylib
0x00000000025c7000 	/usr/lib/system/libcompiler_rt.dylib
0x00000000025c7000 	/usr/lib/system/libcopyfile.dylib
0x00000000025c7000 	/usr/lib/system/libcorecrypto.dylib
0x00000000025c7000 	/usr/lib/system/libdispatch.dylib
0x00000000025c7000 	/usr/lib/system/libdyld.dylib
0x00000000025c7000 	/usr/lib/system/libkeymgr.dylib
0x00000000025c7000 	/usr/lib/system/liblaunch.dylib
0x00000000025c7000 	/usr/lib/system/libmacho.dylib
0x00000000025c7000 	/usr/lib/system/libquarantine.dylib
0x00000000025c7000 	/usr/lib/system/libremovefile.dylib
0x00000000025c7000 	/usr/lib/system/libsystem_asl.dylib
0x00000000025c7000 	/usr/lib/system/libsystem_blocks.dylib
0x00000000025c7000 	/usr/lib/system/libsystem_c.dylib
0x00000000025c7000 	/usr/lib/system/libsystem_configuration.dylib
0x00000000025c7000 	/usr/lib/system/libsystem_coreservices.dylib
0x00000000025c7000 	/usr/lib/system/libsystem_coretls.dylib
0x00000000025c7000 	/usr/lib/system/libsystem_dnssd.dylib
0x00000000025c7000 	/usr/lib/system/libsystem_info.dylib
0x00000000025c7000 	/usr/lib/system/libsystem_kernel.dylib
0x00000000025c7000 	/usr/lib/system/libsystem_m.dylib
0x00000000025c7000 	/usr/lib/system/libsystem_malloc.dylib
0x00000000025c7000 	/usr/lib/system/libsystem_network.dylib
0x00000000025c7000 	/usr/lib/system/libsystem_networkextension.dylib
0x00000000025c7000 	/usr/lib/system/libsystem_notify.dylib
0x00000000025c7000 	/usr/lib/system/libsystem_platform.dylib
0x00000000025c7000 	/usr/lib/system/libsystem_pthread.dylib
0x00000000025c7000 	/usr/lib/system/libsystem_sandbox.dylib
0x00000000025c7000 	/usr/lib/system/libsystem_secinit.dylib
0x00000000025c7000 	/usr/lib/system/libsystem_stats.dylib
0x00000000025c7000 	/usr/lib/system/libsystem_trace.dylib
0x00000000025c7000 	/usr/lib/system/libunc.dylib
0x00000000025c7000 	/usr/lib/system/libunwind.dylib
0x00000000025c7000 	/usr/lib/system/libxpc.dylib
0x00000000025c7000 	/usr/lib/libbz2.1.0.dylib
0x00000000025c7000 	/usr/lib/liblzma.5.dylib
0x00000000025c7000 	/usr/lib/libbsm.0.dylib
0x00000000025c7000 	/usr/lib/libsqlite3.dylib
0x00000000025c7000 	/usr/lib/system/libkxld.dylib
0x00000000025c7000 	/usr/lib/libxar.1.dylib
0x00000000025c7000 	/usr/lib/libpam.2.dylib
0x00000000025c7000 	/usr/lib/libOpenScriptingUtil.dylib
0x00000000025c7000 	/System/Library/Frameworks/CoreServices.framework/Versions/A/Frameworks/FSEvents.framework/Versions/A/FSEvents
0x00000000025c7000 	/System/Library/Frameworks/CoreServices.framework/Versions/A/Frameworks/CarbonCore.framework/Versions/A/CarbonCore
0x00000000025c7000 	/System/Library/Frameworks/CoreServices.framework/Versions/A/Frameworks/Metadata.framework/Versions/A/Metadata
0x00000000025c7000 	/System/Library/Frameworks/CoreServices.framework/Versions/A/Frameworks/OSServices.framework/Versions/A/OSServices
0x00000000025c7000 	/System/Library/Frameworks/CoreServices.framework/Versions/A/Frameworks/SearchKit.framework/Versions/A/SearchKit
0x00000000025c7000 	/System/Library/Frameworks/CoreServices.framework/Versions/A/Frameworks/AE.framework/Versions/A/AE
0x00000000025c7000 	/System/Library/Frameworks/CoreServices.framework/Versions/A/Frameworks/LaunchServices.framework/Versions/A/LaunchServices
0x00000000025c7000 	/System/Library/Frameworks/CoreServices.framework/Versions/A/Frameworks/DictionaryServices.framework/Versions/A/DictionaryServices
0x00000000025c7000 	/System/Library/Frameworks/NetFS.framework/Versions/A/NetFS
0x00000000025c7000 	/System/Library/PrivateFrameworks/NetAuth.framework/Versions/A/NetAuth
0x00000000025c7000 	/System/Library/PrivateFrameworks/login.framework/Versions/A/Frameworks/loginsupport.framework/Versions/A/loginsupport
0x00000000025c7000 	/System/Library/PrivateFrameworks/TCC.framework/Versions/A/TCC
0x00000000025c7000 	/usr/lib/libmecabra.dylib
0x00000000025c7000 	/System/Library/PrivateFrameworks/LanguageModeling.framework/Versions/A/LanguageModeling
0x00000000025c7000 	/usr/lib/libcmph.dylib
0x00000000025c7000 	/usr/lib/libiconv.2.dylib
0x00000000025c7000 	/System/Library/Frameworks/OpenDirectory.framework/Versions/A/Frameworks/CFOpenDirectory.framework/Versions/A/CFOpenDirectory
0x00000000025c7000 	/System/Library/Frameworks/ServiceManagement.framework/Versions/A/ServiceManagement
0x00000000025c7000 	/usr/lib/libxslt.1.dylib
0x00000000025c7000 	/System/Library/Frameworks/Carbon.framework/Versions/A/Frameworks/Ink.framework/Versions/A/Ink
0x00000000025c7000 	/System/Library/Frameworks/ApplicationServices.framework/Versions/A/Frameworks/ATS.framework/Versions/A/ATS
0x00000000025c7000 	/System/Library/Frameworks/ApplicationServices.framework/Versions/A/Frameworks/ColorSync.framework/Versions/A/ColorSync
0x00000000025c7000 	/System/Library/Frameworks/ApplicationServices.framework/Versions/A/Frameworks/HIServices.framework/Versions/A/HIServices
0x00000000025c7000 	/System/Library/Frameworks/ApplicationServices.framework/Versions/A/Frameworks/LangAnalysis.framework/Versions/A/LangAnalysis
0x00000000025c7000 	/System/Library/Frameworks/ApplicationServices.framework/Versions/A/Frameworks/PrintCore.framework/Versions/A/PrintCore
0x00000000025c7000 	/System/Library/Frameworks/ApplicationServices.framework/Versions/A/Frameworks/QD.framework/Versions/A/QD
0x00000000025c7000 	/System/Library/Frameworks/ApplicationServices.framework/Versions/A/Frameworks/SpeechSynthesis.framework/Versions/A/SpeechSynthesis
0x00000000025c7000 	/System/Library/Frameworks/Accelerate.framework/Versions/A/Accelerate
0x00000000025c7000 	/System/Library/Frameworks/Accelerate.framework/Versions/A/Frameworks/vImage.framework/Versions/A/vImage
0x00000000025c7000 	/System/Library/Frameworks/Accelerate.framework/Versions/A/Frameworks/vecLib.framework/Versions/A/vecLib
0x00000000025c7000 	/System/Library/Frameworks/Accelerate.framework/Versions/A/Frameworks/vecLib.framework/Versions/A/libvDSP.dylib
0x00000000025c7000 	/System/Library/Frameworks/Accelerate.framework/Versions/A/Frameworks/vecLib.framework/Versions/A/libvMisc.dylib
0x00000000025c7000 	/System/Library/Frameworks/Accelerate.framework/Versions/A/Frameworks/vecLib.framework/Versions/A/libLAPACK.dylib
0x00000000025c7000 	/System/Library/Frameworks/Accelerate.framework/Versions/A/Frameworks/vecLib.framework/Versions/A/libBLAS.dylib
0x00000000025c7000 	/System/Library/Frameworks/Accelerate.framework/Versions/A/Frameworks/vecLib.framework/Versions/A/libLinearAlgebra.dylib
0x00000000025c7000 	/System/Library/Frameworks/ApplicationServices.framework/Versions/A/Frameworks/ATS.framework/Versions/A/Resources/libFontParser.dylib
0x00000000025c7000 	/System/Library/Frameworks/ApplicationServices.framework/Versions/A/Frameworks/ATS.framework/Versions/A/Resources/libFontRegistry.dylib
0x00000000025c7000 	/System/Library/PrivateFrameworks/AppleVPA.framework/Versions/A/AppleVPA
0x00000000025c7000 	/System/Library/PrivateFrameworks/AppleJPEG.framework/Versions/A/AppleJPEG
0x00000000025c7000 	/System/Library/Frameworks/ImageIO.framework/Versions/A/Resources/libJPEG.dylib
0x00000000025c7000 	/System/Library/Frameworks/ImageIO.framework/Versions/A/Resources/libTIFF.dylib
0x00000000025c7000 	/System/Library/Frameworks/ImageIO.framework/Versions/A/Resources/libPng.dylib
0x00000000025c7000 	/System/Library/Frameworks/ImageIO.framework/Versions/A/Resources/libGIF.dylib
0x00000000025c7000 	/System/Library/Frameworks/ImageIO.framework/Versions/A/Resources/libJP2.dylib
0x00000000025c7000 	/System/Library/Frameworks/ImageIO.framework/Versions/A/Resources/libRadiance.dylib
0x00000000025c7000 	/System/Library/Frameworks/CoreVideo.framework/Versions/A/CoreVideo
0x00000000025c7000 	/System/Library/Frameworks/OpenGL.framework/Versions/A/Libraries/libGLU.dylib
0x00000000025c7000 	/System/Library/Frameworks/OpenGL.framework/Versions/A/Libraries/libGFXShared.dylib
0x00000000025c7000 	/System/Library/Frameworks/OpenGL.framework/Versions/A/Libraries/libGL.dylib
0x00000000025c7000 	/System/Library/Frameworks/OpenGL.framework/Versions/A/Libraries/libGLImage.dylib
0x00000000025c7000 	/System/Library/Frameworks/OpenGL.framework/Versions/A/Libraries/libCVMSPluginSupport.dylib
0x00000000025c7000 	/System/Library/Frameworks/OpenGL.framework/Versions/A/Libraries/libCoreVMClient.dylib
0x00000000025c7000 	/usr/lib/libcups.2.dylib
0x00000000025c7000 	/System/Library/Frameworks/Kerberos.framework/Versions/A/Kerberos
0x00000000025c7000 	/System/Library/Frameworks/GSS.framework/Versions/A/GSS
0x00000000025c7000 	/usr/lib/libresolv.9.dylib
0x00000000025c7000 	/System/Library/PrivateFrameworks/Heimdal.framework/Versions/A/Heimdal
0x00000000025c7000 	/usr/lib/libheimdal-asn1.dylib
0x00000000025c7000 	/System/Library/Frameworks/OpenDirectory.framework/Versions/A/OpenDirectory
0x00000000025c7000 	/System/Library/PrivateFrameworks/CommonAuth.framework/Versions/A/CommonAuth
0x00000000025c7000 	/System/Library/Frameworks/SecurityFoundation.framework/Versions/A/SecurityFoundation
0x00000000025c7000 	/System/Library/Frameworks/QuartzCore.framework/Versions/A/Frameworks/CoreImage.framework/Versions/A/CoreImage
0x00000000025c7000 	/System/Library/PrivateFrameworks/CrashReporterSupport.framework/Versions/A/CrashReporterSupport
0x00000000025c7000 	/System/Library/Frameworks/OpenCL.framework/Versions/A/OpenCL
0x00000000025c7000 	/System/Library/PrivateFrameworks/FaceCore.framework/Versions/A/FaceCore
0x00000000025c7000 	/System/Library/PrivateFrameworks/Ubiquity.framework/Versions/A/Ubiquity
0x00000000025c7000 	/System/Library/PrivateFrameworks/IconServices.framework/Versions/A/IconServices
0x00000000025c7000 	/System/Library/PrivateFrameworks/ChunkingLibrary.framework/Versions/A/ChunkingLibrary
0x00000000025c7000 	/System/Library/PrivateFrameworks/Apple80211.framework/Versions/A/Apple80211
0x00000000025c7000 	/System/Library/Frameworks/CoreWLAN.framework/Versions/A/CoreWLAN
0x00000000025c7000 	/System/Library/Frameworks/IOBluetooth.framework/Versions/A/IOBluetooth
0x00000000025c7000 	/System/Library/PrivateFrameworks/CoreWiFi.framework/Versions/A/CoreWiFi
0x00000000025c7000 	/System/Library/Frameworks/CoreBluetooth.framework/Versions/A/CoreBluetooth
0x00000000025c7000 	/System/Library/PrivateFrameworks/DebugSymbols.framework/Versions/A/DebugSymbols
0x00000000025c7000 	/System/Library/PrivateFrameworks/CoreSymbolication.framework/Versions/A/CoreSymbolication
0x00000000025c7000 	/System/Library/PrivateFrameworks/Symbolication.framework/Versions/A/Symbolication
0x00000000025c7000 	/System/Library/PrivateFrameworks/SpeechRecognitionCore.framework/Versions/A/SpeechRecognitionCore
0x000000010212c000 	/Library/Java/JavaVirtualMachines/jdk1.8.0_25.jdk/Contents/Home/jre/lib/server/libjvm.dylib
0x00000000025c7000 	/usr/lib/libstdc++.6.dylib
0x0000000103162000 	/Library/Java/JavaVirtualMachines/jdk1.8.0_25.jdk/Contents/Home/jre/lib/libverify.dylib
0x0000000103170000 	/Library/Java/JavaVirtualMachines/jdk1.8.0_25.jdk/Contents/Home/jre/lib/libjava.dylib
0x00000001031ae000 	/Library/Java/JavaVirtualMachines/jdk1.8.0_25.jdk/Contents/Home/jre/lib/libzip.dylib
0x0000000119a2c000 	/System/Library/Frameworks/JavaVM.framework/Frameworks/JavaRuntimeSupport.framework/JavaRuntimeSupport
0x0000000119a44000 	/System/Library/Frameworks/JavaVM.framework/Versions/A/Frameworks/JavaNativeFoundation.framework/Versions/A/JavaNativeFoundation
0x0000000119a59000 	/System/Library/Frameworks/JavaVM.framework/Versions/A/JavaVM
0x00000000025c7000 	/System/Library/Frameworks/Carbon.framework/Versions/A/Carbon
0x0000000119a66000 	/System/Library/PrivateFrameworks/JavaLaunching.framework/Versions/A/JavaLaunching
0x00000000025c7000 	/System/Library/Frameworks/Carbon.framework/Versions/A/Frameworks/CommonPanels.framework/Versions/A/CommonPanels
0x00000000025c7000 	/System/Library/Frameworks/Carbon.framework/Versions/A/Frameworks/Help.framework/Versions/A/Help
0x00000000025c7000 	/System/Library/Frameworks/Carbon.framework/Versions/A/Frameworks/ImageCapture.framework/Versions/A/ImageCapture
0x00000000025c7000 	/System/Library/Frameworks/Carbon.framework/Versions/A/Frameworks/OpenScripting.framework/Versions/A/OpenScripting
0x00000000025c7000 	/System/Library/Frameworks/Carbon.framework/Versions/A/Frameworks/Print.framework/Versions/A/Print
0x00000000025c7000 	/System/Library/Frameworks/Carbon.framework/Versions/A/Frameworks/SecurityHI.framework/Versions/A/SecurityHI
0x000000011b8e3000 	/Library/Java/JavaVirtualMachines/jdk1.8.0_25.jdk/Contents/Home/jre/lib/libawt.dylib
0x000000011b992000 	/Library/Java/JavaVirtualMachines/jdk1.8.0_25.jdk/Contents/Home/jre/lib/./libmlib_image.dylib
0x000000011ba5e000 	/Library/Java/JavaVirtualMachines/jdk1.8.0_25.jdk/Contents/Home/jre/lib/libawt_lwawt.dylib
0x000000011bb11000 	/Library/Java/JavaVirtualMachines/jdk1.8.0_25.jdk/Contents/Home/jre/lib/./libosxapp.dylib
0x00000000025c7000 	/System/Library/Frameworks/ExceptionHandling.framework/Versions/A/ExceptionHandling
0x00000000025c7000 	/System/Library/PrivateFrameworks/CoreServicesInternal.framework/Versions/A/CoreServicesInternal
0x00000000025c7000 	/System/Library/PrivateFrameworks/CloudDocs.framework/Versions/A/CloudDocs
0x00000000025c7000 	/System/Library/PrivateFrameworks/CoreDuet.framework/Versions/A/CoreDuet
0x00000000025c7000 	/System/Library/Frameworks/CloudKit.framework/Versions/A/CloudKit
0x00000000025c7000 	/System/Library/PrivateFrameworks/ProtocolBuffer.framework/Versions/A/ProtocolBuffer
0x00000000025c7000 	/System/Library/PrivateFrameworks/CoreDuetDaemonProtocol.framework/Versions/A/CoreDuetDaemonProtocol
0x00000000025c7000 	/System/Library/PrivateFrameworks/CoreDuetDebugLogging.framework/Versions/A/CoreDuetDebugLogging
0x00000000025c7000 	/System/Library/Frameworks/CoreLocation.framework/Versions/A/CoreLocation
0x00000000025c7000 	/System/Library/Frameworks/Accounts.framework/Versions/A/Accounts
0x00000000025c7000 	/System/Library/PrivateFrameworks/ApplePushService.framework/Versions/A/ApplePushService
0x00000000025c7000 	/System/Library/PrivateFrameworks/GeoServices.framework/Versions/A/GeoServices
0x00000000025c7000 	/System/Library/PrivateFrameworks/OAuth.framework/Versions/A/OAuth
0x00000000025c7000 	/System/Library/PrivateFrameworks/CoreDaemon.framework/Versions/B/CoreDaemon
0x00000000025c7000 	/usr/lib/libcrypto.0.9.8.dylib
0x00000000025c7000 	/System/Library/PrivateFrameworks/AppleSRP.framework/Versions/A/AppleSRP
0x00000000025c7000 	/System/Library/PrivateFrameworks/TrustEvaluationAgent.framework/Versions/A/TrustEvaluationAgent
0x00000000025c7000 	/System/Library/Frameworks/CoreGraphics.framework/Versions/A/Resources/libCGCMS.A.dylib
0x00000000025c7000 	/System/Library/Frameworks/CoreGraphics.framework/Versions/A/Resources/libRIP.A.dylib
0x00000000025c7000 	/System/Library/Frameworks/CoreGraphics.framework/Versions/A/Resources/libCGXType.A.dylib
0x00000000025c7000 	/System/Library/Frameworks/OpenCL.framework/Versions/A/Libraries/libcldcpuengine.dylib
0x00000000025c7000 	/System/Library/PrivateFrameworks/DiskImages.framework/Versions/A/DiskImages
0x00000000025c7000 	/System/Library/Frameworks/DiscRecording.framework/Versions/A/DiscRecording
0x00000000025c7000 	/usr/lib/libcsfde.dylib
0x00000000025c7000 	/usr/lib/libcurl.4.dylib
0x00000000025c7000 	/System/Library/PrivateFrameworks/MediaKit.framework/Versions/A/MediaKit
0x00000000025c7000 	/System/Library/PrivateFrameworks/ProtectedCloudStorage.framework/Versions/A/ProtectedCloudStorage
0x00000000025c7000 	/usr/lib/libCoreStorage.dylib
0x00000000025c7000 	/System/Library/PrivateFrameworks/EFILogin.framework/Versions/A/EFILogin
0x00000000025c7000 	/usr/lib/libutil.dylib
0x00000000025c7000 	/System/Library/PrivateFrameworks/FindMyDevice.framework/Versions/A/FindMyDevice
0x00000000025c7000 	/System/Library/Frameworks/LDAP.framework/Versions/A/LDAP
0x00000000025c7000 	/usr/lib/libsasl2.2.dylib
0x000000011ea26000 	cl_kernels
0x000000011ea28000 	/System/Library/Frameworks/OpenCL.framework/Versions/A/Libraries/ImageFormats/unorm8_bgra.dylib
0x000000011ea18000 	cl_kernels
0x00000000025c7000 	/System/Library/PrivateFrameworks/FamilyControls.framework/Versions/A/FamilyControls
0x00000000025c7000 	/System/Library/PrivateFrameworks/CommerceKit.framework/Versions/A/Frameworks/CommerceCore.framework/Versions/A/CommerceCore
0x00000000025c7000 	/System/Library/PrivateFrameworks/SystemAdministration.framework/Versions/A/SystemAdministration
0x00000000025c7000 	/System/Library/PrivateFrameworks/AppContainer.framework/Versions/A/AppContainer
0x00000000025c7000 	/System/Library/PrivateFrameworks/SecCodeWrapper.framework/Versions/A/SecCodeWrapper
0x00000000025c7000 	/System/Library/Frameworks/DirectoryService.framework/Versions/A/DirectoryService
0x00000000025c7000 	/System/Library/PrivateFrameworks/LoginUIKit.framework/Versions/A/Frameworks/LoginUICore.framework/Versions/A/LoginUICore
0x00000000025c7000 	/usr/lib/libodfde.dylib
0x000000011fd2f000 	/Library/Java/JavaVirtualMachines/jdk1.8.0_25.jdk/Contents/Home/jre/lib/libfontmanager.dylib
0x000000011fd96000 	/Users/teodor/Downloads/slick/liblwjgl.dylib
0x000000011de95000 	/Library/Java/JavaVirtualMachines/jdk1.8.0_25.jdk/Contents/Home/jre/lib/libjawt.dylib
0x00000000025c7000 	/System/Library/Frameworks/OpenGL.framework/Versions/A/Resources/GLEngine.bundle/GLEngine
0x00000000025c7000 	/System/Library/Frameworks/OpenGL.framework/Versions/A/Libraries/libGLProgrammability.dylib
0x0000000000000000 	/System/Library/Extensions/AppleIntelHD5000GraphicsGLDriver.bundle/Contents/MacOS/AppleIntelHD5000GraphicsGLDriver
0x00000000025c7000 	/System/Library/PrivateFrameworks/IOAccelerator.framework/Versions/A/IOAccelerator
0x00000000025c7000 	/System/Library/PrivateFrameworks/GPUSupport.framework/Versions/A/Libraries/libGPUSupportMercury.dylib
0x00000000025c7000 	/System/Library/Frameworks/OpenGL.framework/Versions/A/Resources/GLRendererFloat.bundle/GLRendererFloat
0x0000000120dd6000 	/Users/teodor/Downloads/slick/libjinput-osx.dylib
0x0000000120ddb000 	/System/Library/Extensions/IOHIDFamily.kext/Contents/PlugIns/IOHIDLib.plugin/Contents/MacOS/IOHIDLib

VM Arguments:
jvm_args: -Djava.library.path=/Users/teodor/Downloads/slick -Dfile.encoding=UTF-8 
java_command: StartGame
java_class_path (initial): /Users/teodor/Documents/workspace/IndaSpel/bin:/Users/teodor/Downloads/slick/lib/jinput.jar:/Users/teodor/Downloads/slick/lib/lwjgl_util.jar:/Users/teodor/Downloads/slick/lib/lwjgl.jar:/Users/teodor/Downloads/slick/lib/slick.jar
Launcher Type: SUN_STANDARD

Environment Variables:
PATH=/usr/bin:/bin:/usr/sbin:/sbin
SHELL=/bin/bash
DISPLAY=/private/tmp/com.apple.launchd.7D5Q0RBCHD/org.macosforge.xquartz:0

Signal Handlers:
SIGSEGV: [libjvm.dylib+0x579dc7], sa_mask[0]=11111111011111110111111111111111, sa_flags=SA_ONSTACK|SA_RESTART|SA_SIGINFO
SIGBUS: [libjvm.dylib+0x579dc7], sa_mask[0]=11111111011111110111111111111111, sa_flags=SA_RESTART|SA_SIGINFO
SIGFPE: [libjvm.dylib+0x45b030], sa_mask[0]=11111111011111110111111111111111, sa_flags=SA_RESTART|SA_SIGINFO
SIGPIPE: [libjvm.dylib+0x45b030], sa_mask[0]=11111111011111110111111111111111, sa_flags=SA_RESTART|SA_SIGINFO
SIGXFSZ: [libjvm.dylib+0x45b030], sa_mask[0]=11111111011111110111111111111111, sa_flags=SA_RESTART|SA_SIGINFO
SIGILL: [libjvm.dylib+0x45b030], sa_mask[0]=11111111011111110111111111111111, sa_flags=SA_RESTART|SA_SIGINFO
SIGUSR1: SIG_DFL, sa_mask[0]=00000000000000000000000000000000, sa_flags=none
SIGUSR2: [libjvm.dylib+0x45ab4e], sa_mask[0]=00100000000000000000000000000000, sa_flags=SA_RESTART|SA_SIGINFO
SIGHUP: [libjvm.dylib+0x459121], sa_mask[0]=11111111011111110111111111111111, sa_flags=SA_RESTART|SA_SIGINFO
SIGINT: [libjvm.dylib+0x459121], sa_mask[0]=11111111011111110111111111111111, sa_flags=SA_RESTART|SA_SIGINFO
SIGTERM: [libjvm.dylib+0x459121], sa_mask[0]=11111111011111110111111111111111, sa_flags=SA_RESTART|SA_SIGINFO
SIGQUIT: [libjvm.dylib+0x459121], sa_mask[0]=11111111011111110111111111111111, sa_flags=SA_RESTART|SA_SIGINFO


---------------  S Y S T E M  ---------------

OS:Bsduname:Darwin 14.0.0 Darwin Kernel Version 14.0.0: Fri Sep 19 00:26:44 PDT 2014; root:xnu-2782.1.97~2/RELEASE_X86_64 x86_64
rlimit: STACK 8192k, CORE 0k, NPROC 709, NOFILE 10240, AS infinity
load average:1.91 2.15 2.30

CPU:total 4 (2 cores per cpu, 2 threads per core) family 6 model 69 stepping 1, cmov, cx8, fxsr, mmx, sse, sse2, sse3, ssse3, sse4.1, sse4.2, popcnt, avx, avx2, aes, clmul, erms, lzcnt, ht, tsc, tscinvbit, bmi1, bmi2

Memory: 4k page, physical 8388608k(2517504k free)

/proc/meminfo:


vm_info: Java HotSpot(TM) 64-Bit Server VM (25.25-b02) for bsd-amd64 JRE (1.8.0_25-b17), built on Sep 17 2014 16:56:50 by "java_re" with gcc 4.2.1 (Based on Apple Inc. build 5658) (LLVM build 2336.11.00)

time: Thu May  7 14:24:56 2015
elapsed time: 9 seconds (0d 0h 0m 9s)

